%%%% Starting test compiler
Group begin: compiler
Group begin: ast
Group begin: exp
Test begin:
  source-file: "/home/mparlaktuna/workspace/essentials_of_compilation/tests.scm"
  source-line: 11
  source-form: (test-assert (exp? e))
Test end:
  result-kind: pass
  actual-value: #t
Test begin:
  source-file: "/home/mparlaktuna/workspace/essentials_of_compilation/tests.scm"
  source-line: 12
  source-form: (test-assert (not (exp? 5)))
Test end:
  result-kind: pass
  actual-value: #t
Test begin:
  source-file: "/home/mparlaktuna/workspace/essentials_of_compilation/tests.scm"
  source-line: 13
  source-form: (test-equal 10 (value e))
Test end:
  result-kind: pass
  actual-value: 10
  expected-value: 10
Test begin:
  source-file: "/home/mparlaktuna/workspace/essentials_of_compilation/tests.scm"
  source-line: 16
  source-form: (test-assert (leaf? l))
Test end:
  result-kind: pass
  actual-value: #t
Test begin:
  source-file: "/home/mparlaktuna/workspace/essentials_of_compilation/tests.scm"
  source-line: 17
  source-form: (test-assert (exp? l))
Test end:
  result-kind: pass
  actual-value: #t
Test begin:
  source-file: "/home/mparlaktuna/workspace/essentials_of_compilation/tests.scm"
  source-line: 18
  source-form: (test-assert (not (leaf? 5)))
Test end:
  result-kind: pass
  actual-value: #t
Test begin:
  source-file: "/home/mparlaktuna/workspace/essentials_of_compilation/tests.scm"
  source-line: 19
  source-form: (test-equal (quote ()) (value l))
Test end:
  result-kind: pass
  actual-value: ()
  expected-value: ()
Test begin:
  source-file: "/home/mparlaktuna/workspace/essentials_of_compilation/tests.scm"
  source-line: 24
  source-form: (test-assert (exp? me))
Test end:
  result-kind: pass
  actual-value: #t
Test begin:
  source-file: "/home/mparlaktuna/workspace/essentials_of_compilation/tests.scm"
  source-line: 25
  source-form: (test-assert (not (leaf? me)))
Test end:
  result-kind: pass
  actual-value: #t
Test begin:
  source-file: "/home/mparlaktuna/workspace/essentials_of_compilation/tests.scm"
  source-line: 26
  source-form: (test-equal 20 (value me))
Test end:
  result-kind: pass
  actual-value: 20
  expected-value: 20
Test begin:
  source-file: "/home/mparlaktuna/workspace/essentials_of_compilation/tests.scm"
  source-line: 31
  source-form: (test-assert (exp? ml))
Test end:
  result-kind: pass
  actual-value: #t
Test begin:
  source-file: "/home/mparlaktuna/workspace/essentials_of_compilation/tests.scm"
  source-line: 32
  source-form: (test-assert (leaf? ml))
Test end:
  result-kind: pass
  actual-value: #t
Test begin:
  source-file: "/home/mparlaktuna/workspace/essentials_of_compilation/tests.scm"
  source-line: 33
  source-form: (test-equal 5 (value ml))
Test end:
  result-kind: pass
  actual-value: 5
  expected-value: 5
Group end: exp
Group begin: env
Test begin:
  source-file: "/home/mparlaktuna/workspace/essentials_of_compilation/tests.scm"
  source-line: 38
  source-form: (test-eq 0 (env-size e1))
Test end:
  result-kind: pass
  actual-value: 0
  expected-value: 0
Test begin:
  source-file: "/home/mparlaktuna/workspace/essentials_of_compilation/tests.scm"
  source-line: 40
  source-form: (test-assert (exp-eq (Int 5) (get e1 (Symbol (quote num)))))
Test end:
  result-kind: fail
  actual-value: #f
  actual-error: (unbound-variable #f "Unbound variable: ~S" (exp-eq) #f)
Test begin:
  source-file: "/home/mparlaktuna/workspace/essentials_of_compilation/tests.scm"
  source-line: 41
  source-form: (test-eq 1 (env-size e1))
Test end:
  result-kind: pass
  actual-value: 1
  expected-value: 1
Test begin:
  source-file: "/home/mparlaktuna/workspace/essentials_of_compilation/tests.scm"
  source-line: 43
  source-form: (test-eq 1 (env-size e2))
Test end:
  result-kind: pass
  actual-value: 1
  expected-value: 1
Test begin:
  source-file: "/home/mparlaktuna/workspace/essentials_of_compilation/tests.scm"
  source-line: 45
  source-form: (test-eq 2 (env-size e1))
Test end:
  result-kind: pass
  actual-value: 2
  expected-value: 2
Test begin:
  source-file: "/home/mparlaktuna/workspace/essentials_of_compilation/tests.scm"
  source-line: 46
  source-form: (test-eq 2 (env-size e2))
Test end:
  result-kind: pass
  actual-value: 2
  expected-value: 2
Test begin:
  source-file: "/home/mparlaktuna/workspace/essentials_of_compilation/tests.scm"
  source-line: 48
  source-form: (test-eq 2 (env-size e1))
Test end:
  result-kind: pass
  actual-value: 2
  expected-value: 2
Test begin:
  source-file: "/home/mparlaktuna/workspace/essentials_of_compilation/tests.scm"
  source-line: 49
  source-form: (test-eq 3 (env-size e2))
Test end:
  result-kind: pass
  actual-value: 3
  expected-value: 3
Group end: env
Group end: ast
Group begin: l-int
Test begin:
  source-file: "/home/mparlaktuna/workspace/essentials_of_compilation/tests.scm"
  source-line: 59
  source-form: (test-assert (exp? i))
Test end:
  result-kind: pass
  actual-value: #t
Test begin:
  source-file: "/home/mparlaktuna/workspace/essentials_of_compilation/tests.scm"
  source-line: 60
  source-form: (test-assert (leaf? i))
Test end:
  result-kind: pass
  actual-value: #t
Test begin:
  source-file: "/home/mparlaktuna/workspace/essentials_of_compilation/tests.scm"
  source-line: 61
  source-form: (test-equal 5 (value i))
Test end:
  result-kind: pass
  actual-value: 5
  expected-value: 5
Test begin:
  source-file: "/home/mparlaktuna/workspace/essentials_of_compilation/tests.scm"
  source-line: 62
  source-form: (test-equal 5 (interp-exp i))
Test end:
  result-kind: pass
  actual-value: 5
  expected-value: 5
Test begin:
  source-file: "/home/mparlaktuna/workspace/essentials_of_compilation/tests.scm"
  source-line: 64
  source-form: (test-assert (exp-equal? (Int 5) (Int 5)))
Test end:
  result-kind: pass
  actual-value: #t
Test begin:
  source-file: "/home/mparlaktuna/workspace/essentials_of_compilation/tests.scm"
  source-line: 65
  source-form: (test-assert (not (exp-equal? (Int 6) (Int 5))))
Test end:
  result-kind: pass
  actual-value: #t
Test begin:
  source-file: "/home/mparlaktuna/workspace/essentials_of_compilation/tests.scm"
  source-line: 68
  source-form: (test-assert (exp? r))
Test end:
  result-kind: pass
  actual-value: #t
Test begin:
  source-file: "/home/mparlaktuna/workspace/essentials_of_compilation/tests.scm"
  source-line: 69
  source-form: (test-assert (leaf? r))
Test end:
  result-kind: pass
  actual-value: #t
Test begin:
  source-file: "/home/mparlaktuna/workspace/essentials_of_compilation/tests.scm"
  source-line: 70
  source-form: (test-equal (quote ()) (value r))
Test end:
  result-kind: pass
  actual-value: ()
  expected-value: ()
Test begin:
  source-file: "/home/mparlaktuna/workspace/essentials_of_compilation/tests.scm"
  source-line: 73
  source-form: (test-assert (exp? e))
Test end:
  result-kind: pass
  actual-value: #t
Test begin:
  source-file: "/home/mparlaktuna/workspace/essentials_of_compilation/tests.scm"
  source-line: 74
  source-form: (test-assert (not (leaf? e)))
Test end:
  result-kind: pass
  actual-value: #t
Test begin:
  source-file: "/home/mparlaktuna/workspace/essentials_of_compilation/tests.scm"
  source-line: 75
  source-form: (test-equal -5 (interp-exp e))
Test end:
  result-kind: pass
  actual-value: -5
  expected-value: -5
Test begin:
  source-file: "/home/mparlaktuna/workspace/essentials_of_compilation/tests.scm"
  source-line: 78
  source-form: (test-assert (exp? e))
Test end:
  result-kind: pass
  actual-value: #t
Test begin:
  source-file: "/home/mparlaktuna/workspace/essentials_of_compilation/tests.scm"
  source-line: 79
  source-form: (test-assert (not (leaf? e)))
Test end:
  result-kind: pass
  actual-value: #t
Test begin:
  source-file: "/home/mparlaktuna/workspace/essentials_of_compilation/tests.scm"
  source-line: 80
  source-form: (test-equal 3 (interp-exp e))
Test end:
  result-kind: pass
  actual-value: 3
  expected-value: 3
Test begin:
  source-file: "/home/mparlaktuna/workspace/essentials_of_compilation/tests.scm"
  source-line: 83
  source-form: (test-assert (exp? e))
Test end:
  result-kind: pass
  actual-value: #t
Test begin:
  source-file: "/home/mparlaktuna/workspace/essentials_of_compilation/tests.scm"
  source-line: 84
  source-form: (test-assert (not (leaf? e)))
Test end:
  result-kind: pass
  actual-value: #t
Test begin:
  source-file: "/home/mparlaktuna/workspace/essentials_of_compilation/tests.scm"
  source-line: 85
  source-form: (test-equal 7 (interp-exp e))
Test end:
  result-kind: pass
  actual-value: 7
  expected-value: 7
Test begin:
  source-file: "/home/mparlaktuna/workspace/essentials_of_compilation/tests.scm"
  source-line: 88
  source-form: (test-equal 15 (fx-eval p))
Test end:
  result-kind: pass
  actual-value: 15
  expected-value: 15
Group end: l-int
Group end: compiler
# of expected passes      39
# of unexpected failures  1
